<?xml version="1.0" encoding="UTF-8"?>
<!-- Generated by org.testng.reporters.JUnitXMLReporter -->
<testsuite hostname="DESKTOP-AFOKGSJ" ignored="0" name="Nopackage" tests="5" failures="0" timestamp="2022-11-26T14:29:33 IST" time="18.69" errors="0">
  <testcase name="test1" time="18.611" classname="in.at.maven.firsttestscriptTest"/>
  <testcase name="test2" time="0.0" classname="in.at.maven.firsttestscriptTest"/>
  <testcase name="test3" time="0.0" classname="in.at.maven.firsttestscriptTest"/>
  <testcase name="test4" time="0.0" classname="in.at.maven.firsttestscriptTest"/>
  <testcase name="test5" time="0.001" classname="in.at.maven.firsttestscriptTest"/>
</testsuite> <!-- Nopackage -->
